# JRE version: OpenJDK Runtime Environment Temurin-17.0.8.1+1 (17.0.8.1+1) (build 17.0.8.1+1)
# Java VM: OpenJDK 64-Bit Server VM Temurin-17.0.8.1+1 (17.0.8.1+1, mixed mode, sharing, tiered, compressed oops, compressed class ptrs, g1 gc, windows-amd64)
GC Precious Log:
 CPUs: 8 total, 8 available
 Memory: 15970M
 Large Page Support: Disabled
 NUMA Support: Disabled
 Compressed Oops: Enabled (Zero based)
 Heap Region Size: 2M
 Heap Min Capacity: 8M
 Heap Initial Capacity: 250M
 Heap Max Capacity: 3994M
 Pre-touch: Disabled
 Parallel Workers: 8
 Concurrent Workers: 2
 Concurrent Refinement Workers: 8
 Periodic GC: Disabled
Heap:
 garbage-first heap   total 61440K, used 31814K [0x0000000706600000, 0x0000000800000000)
  region size 2048K, 6 young (12288K), 1 survivors (2048K)
 Metaspace       used 42558K, committed 43072K, reserved 1114112K
  class space    used 5402K, committed 5632K, reserved 1048576K
GC Heap History (20 events):
Event: 1.558 GC heap before
{Heap before GC invocations=1 (full 0):
 garbage-first heap   total 256000K, used 29337K [0x0000000706600000, 0x0000000800000000)
  region size 2048K, 13 young (26624K), 2 survivors (4096K)
 Metaspace       used 10194K, committed 10432K, reserved 1114112K
  class space    used 1233K, committed 1344K, reserved 1048576K
}
Event: 1.564 GC heap after
{Heap after GC invocations=2 (full 0):
 garbage-first heap   total 256000K, used 8862K [0x0000000706600000, 0x0000000800000000)
  region size 2048K, 1 young (2048K), 1 survivors (2048K)
 Metaspace       used 10194K, committed 10432K, reserved 1114112K
  class space    used 1233K, committed 1344K, reserved 1048576K
}
Event: 2.927 GC heap before
{Heap before GC invocations=2 (full 0):
 garbage-first heap   total 256000K, used 58014K [0x0000000706600000, 0x0000000800000000)
  region size 2048K, 26 young (53248K), 1 survivors (2048K)
 Metaspace       used 16958K, committed 17216K, reserved 1114112K
  class space    used 2074K, committed 2176K, reserved 1048576K
}
Event: 2.936 GC heap after
{Heap after GC invocations=3 (full 0):
 garbage-first heap   total 256000K, used 11652K [0x0000000706600000, 0x0000000800000000)
  region size 2048K, 3 young (6144K), 3 survivors (6144K)
 Metaspace       used 16958K, committed 17216K, reserved 1114112K
  class space    used 2074K, committed 2176K, reserved 1048576K
}
Event: 3.828 GC heap before
{Heap before GC invocations=3 (full 0):
 garbage-first heap   total 256000K, used 38276K [0x0000000706600000, 0x0000000800000000)
  region size 2048K, 17 young (34816K), 3 survivors (6144K)
 Metaspace       used 21199K, committed 21504K, reserved 1114112K
  class space    used 2668K, committed 2816K, reserved 1048576K
}
Event: 3.834 GC heap after
{Heap after GC invocations=4 (full 0):
 garbage-first heap   total 256000K, used 13745K [0x0000000706600000, 0x0000000800000000)
  region size 2048K, 4 young (8192K), 4 survivors (8192K)
 Metaspace       used 21199K, committed 21504K, reserved 1114112K
  class space    used 2668K, committed 2816K, reserved 1048576K
}
Event: 5.013 GC heap before
{Heap before GC invocations=5 (full 0):
 garbage-first heap   total 61440K, used 42417K [0x0000000706600000, 0x0000000800000000)
  region size 2048K, 18 young (36864K), 4 survivors (8192K)
 Metaspace       used 26503K, committed 26944K, reserved 1114112K
  class space    used 3385K, committed 3584K, reserved 1048576K
}
Event: 5.025 GC heap after
{Heap after GC invocations=6 (full 0):
 garbage-first heap   total 61440K, used 16820K [0x0000000706600000, 0x0000000800000000)
  region size 2048K, 3 young (6144K), 3 survivors (6144K)
 Metaspace       used 26503K, committed 26944K, reserved 1114112K
  class space    used 3385K, committed 3584K, reserved 1048576K
}
Event: 5.117 GC heap before
{Heap before GC invocations=6 (full 0):
 garbage-first heap   total 61440K, used 18868K [0x0000000706600000, 0x0000000800000000)
  region size 2048K, 4 young (8192K), 3 survivors (6144K)
 Metaspace       used 26711K, committed 27072K, reserved 1114112K
  class space    used 3413K, committed 3584K, reserved 1048576K
}
Event: 5.122 GC heap after
{Heap after GC invocations=7 (full 0):
 garbage-first heap   total 61440K, used 17687K [0x0000000706600000, 0x0000000800000000)
  region size 2048K, 1 young (2048K), 1 survivors (2048K)
 Metaspace       used 26711K, committed 27072K, reserved 1114112K
  class space    used 3413K, committed 3584K, reserved 1048576K
}
Event: 5.829 GC heap before
{Heap before GC invocations=7 (full 0):
 garbage-first heap   total 61440K, used 40215K [0x0000000706600000, 0x0000000800000000)
  region size 2048K, 12 young (24576K), 1 survivors (2048K)
 Metaspace       used 29716K, committed 30144K, reserved 1114112K
  class space    used 3852K, committed 4096K, reserved 1048576K
}
Event: 5.833 GC heap after
{Heap after GC invocations=8 (full 0):
 garbage-first heap   total 61440K, used 19050K [0x0000000706600000, 0x0000000800000000)
  region size 2048K, 2 young (4096K), 2 survivors (4096K)
 Metaspace       used 29716K, committed 30144K, reserved 1114112K
  class space    used 3852K, committed 4096K, reserved 1048576K
}
Event: 6.637 GC heap before
{Heap before GC invocations=8 (full 0):
 garbage-first heap   total 61440K, used 41578K [0x0000000706600000, 0x0000000800000000)
  region size 2048K, 13 young (26624K), 2 survivors (4096K)
 Metaspace       used 35124K, committed 35648K, reserved 1114112K
  class space    used 4563K, committed 4800K, reserved 1048576K
}
Event: 6.643 GC heap after
{Heap after GC invocations=9 (full 0):
 garbage-first heap   total 61440K, used 21224K [0x0000000706600000, 0x0000000800000000)
  region size 2048K, 2 young (4096K), 2 survivors (4096K)
 Metaspace       used 35124K, committed 35648K, reserved 1114112K
  class space    used 4563K, committed 4800K, reserved 1048576K
}
Event: 6.690 GC heap before
{Heap before GC invocations=9 (full 0):
 garbage-first heap   total 61440K, used 23272K [0x0000000706600000, 0x0000000800000000)
  region size 2048K, 4 young (8192K), 2 survivors (4096K)
 Metaspace       used 35562K, committed 35968K, reserved 1114112K
  class space    used 4620K, committed 4800K, reserved 1048576K
}
Event: 6.694 GC heap after
{Heap after GC invocations=10 (full 0):
 garbage-first heap   total 61440K, used 22146K [0x0000000706600000, 0x0000000800000000)
  region size 2048K, 1 young (2048K), 1 survivors (2048K)
 Metaspace       used 35562K, committed 35968K, reserved 1114112K
  class space    used 4620K, committed 4800K, reserved 1048576K
}
Event: 9.566 GC heap before
{Heap before GC invocations=11 (full 0):
 garbage-first heap   total 61440K, used 40578K [0x0000000706600000, 0x0000000800000000)
  region size 2048K, 11 young (22528K), 1 survivors (2048K)
 Metaspace       used 42045K, committed 42496K, reserved 1114112K
  class space    used 5362K, committed 5568K, reserved 1048576K
}
Event: 9.569 GC heap after
{Heap after GC invocations=12 (full 0):
 garbage-first heap   total 61440K, used 23357K [0x0000000706600000, 0x0000000800000000)
  region size 2048K, 2 young (4096K), 2 survivors (4096K)
 Metaspace       used 42045K, committed 42496K, reserved 1114112K
  class space    used 5362K, committed 5568K, reserved 1048576K
}
Event: 10.564 GC heap before
{Heap before GC invocations=13 (full 0):
 garbage-first heap   total 61440K, used 41789K [0x0000000706600000, 0x0000000800000000)
  region size 2048K, 11 young (22528K), 2 survivors (4096K)
 Metaspace       used 42338K, committed 42816K, reserved 1114112K
  class space    used 5397K, committed 5632K, reserved 1048576K
}
Event: 10.566 GC heap after
{Heap after GC invocations=14 (full 0):
 garbage-first heap   total 61440K, used 23622K [0x0000000706600000, 0x0000000800000000)
  region size 2048K, 1 young (2048K), 1 survivors (2048K)
 Metaspace       used 42338K, committed 42816K, reserved 1114112K
  class space    used 5397K, committed 5632K, reserved 1048576K
}

