# JRE version: OpenJDK Runtime Environment Temurin-17.0.8.1+1 (17.0.8.1+1) (build 17.0.8.1+1)
# Java VM: OpenJDK 64-Bit Server VM Temurin-17.0.8.1+1 (17.0.8.1+1, mixed mode, sharing, tiered, compressed oops, compressed class ptrs, g1 gc, windows-amd64)
GC Precious Log:
 CPUs: 8 total, 8 available
 Memory: 15970M
 Large Page Support: Disabled
 NUMA Support: Disabled
 Compressed Oops: Enabled (Zero based)
 Heap Region Size: 2M
 Heap Min Capacity: 8M
 Heap Initial Capacity: 250M
 Heap Max Capacity: 3994M
 Pre-touch: Disabled
 Parallel Workers: 8
 Concurrent Workers: 2
 Concurrent Refinement Workers: 8
 Periodic GC: Disabled
Heap:
 garbage-first heap   total 96256K, used 70670K [0x0000000706600000, 0x0000000800000000)
  region size 2048K, 28 young (57344K), 3 survivors (6144K)
 Metaspace       used 42518K, committed 43008K, reserved 1114112K
  class space    used 5402K, committed 5632K, reserved 1048576K
GC Heap History (16 events):
Event: 1.135 GC heap before
{Heap before GC invocations=0 (full 0):
 garbage-first heap   total 256000K, used 20480K [0x0000000706600000, 0x0000000800000000)
  region size 2048K, 11 young (22528K), 0 survivors (0K)
 Metaspace       used 5205K, committed 5376K, reserved 1114112K
  class space    used 602K, committed 704K, reserved 1048576K
}
Event: 1.140 GC heap after
{Heap after GC invocations=1 (full 0):
 garbage-first heap   total 256000K, used 6885K [0x0000000706600000, 0x0000000800000000)
  region size 2048K, 2 young (4096K), 2 survivors (4096K)
 Metaspace       used 5205K, committed 5376K, reserved 1114112K
  class space    used 602K, committed 704K, reserved 1048576K
}
Event: 1.648 GC heap before
{Heap before GC invocations=1 (full 0):
 garbage-first heap   total 256000K, used 25317K [0x0000000706600000, 0x0000000800000000)
  region size 2048K, 12 young (24576K), 2 survivors (4096K)
 Metaspace       used 9786K, committed 10048K, reserved 1114112K
  class space    used 1187K, committed 1280K, reserved 1048576K
}
Event: 1.653 GC heap after
{Heap after GC invocations=2 (full 0):
 garbage-first heap   total 256000K, used 8355K [0x0000000706600000, 0x0000000800000000)
  region size 2048K, 1 young (2048K), 1 survivors (2048K)
 Metaspace       used 9786K, committed 10048K, reserved 1114112K
  class space    used 1187K, committed 1280K, reserved 1048576K
}
Event: 2.930 GC heap before
{Heap before GC invocations=2 (full 0):
 garbage-first heap   total 256000K, used 61603K [0x0000000706600000, 0x0000000800000000)
  region size 2048K, 27 young (55296K), 1 survivors (2048K)
 Metaspace       used 16921K, committed 17152K, reserved 1114112K
  class space    used 2072K, committed 2176K, reserved 1048576K
}
Event: 2.935 GC heap after
{Heap after GC invocations=3 (full 0):
 garbage-first heap   total 256000K, used 11615K [0x0000000706600000, 0x0000000800000000)
  region size 2048K, 3 young (6144K), 3 survivors (6144K)
 Metaspace       used 16921K, committed 17152K, reserved 1114112K
  class space    used 2072K, committed 2176K, reserved 1048576K
}
Event: 3.808 GC heap before
{Heap before GC invocations=3 (full 0):
 garbage-first heap   total 256000K, used 38239K [0x0000000706600000, 0x0000000800000000)
  region size 2048K, 17 young (34816K), 3 survivors (6144K)
 Metaspace       used 21210K, committed 21504K, reserved 1114112K
  class space    used 2669K, committed 2816K, reserved 1048576K
}
Event: 3.814 GC heap after
{Heap after GC invocations=4 (full 0):
 garbage-first heap   total 256000K, used 13993K [0x0000000706600000, 0x0000000800000000)
  region size 2048K, 4 young (8192K), 4 survivors (8192K)
 Metaspace       used 21210K, committed 21504K, reserved 1114112K
  class space    used 2669K, committed 2816K, reserved 1048576K
}
Event: 4.735 GC heap before
{Heap before GC invocations=5 (full 0):
 garbage-first heap   total 61440K, used 42665K [0x0000000706600000, 0x0000000800000000)
  region size 2048K, 18 young (36864K), 4 survivors (8192K)
 Metaspace       used 26487K, committed 26944K, reserved 1114112K
  class space    used 3385K, committed 3584K, reserved 1048576K
}
Event: 4.745 GC heap after
{Heap after GC invocations=6 (full 0):
 garbage-first heap   total 61440K, used 17056K [0x0000000706600000, 0x0000000800000000)
  region size 2048K, 3 young (6144K), 3 survivors (6144K)
 Metaspace       used 26487K, committed 26944K, reserved 1114112K
  class space    used 3385K, committed 3584K, reserved 1048576K
}
Event: 4.822 GC heap before
{Heap before GC invocations=6 (full 0):
 garbage-first heap   total 61440K, used 19104K [0x0000000706600000, 0x0000000800000000)
  region size 2048K, 4 young (8192K), 3 survivors (6144K)
 Metaspace       used 26697K, committed 27072K, reserved 1114112K
  class space    used 3413K, committed 3584K, reserved 1048576K
}
Event: 4.826 GC heap after
{Heap after GC invocations=7 (full 0):
 garbage-first heap   total 61440K, used 17609K [0x0000000706600000, 0x0000000800000000)
  region size 2048K, 1 young (2048K), 1 survivors (2048K)
 Metaspace       used 26697K, committed 27072K, reserved 1114112K
  class space    used 3413K, committed 3584K, reserved 1048576K
}
Event: 5.511 GC heap before
{Heap before GC invocations=7 (full 0):
 garbage-first heap   total 61440K, used 40137K [0x0000000706600000, 0x0000000800000000)
  region size 2048K, 12 young (24576K), 1 survivors (2048K)
 Metaspace       used 29697K, committed 30144K, reserved 1114112K
  class space    used 3852K, committed 4096K, reserved 1048576K
}
Event: 5.515 GC heap after
{Heap after GC invocations=8 (full 0):
 garbage-first heap   total 159744K, used 18933K [0x0000000706600000, 0x0000000800000000)
  region size 2048K, 2 young (4096K), 2 survivors (4096K)
 Metaspace       used 29697K, committed 30144K, reserved 1114112K
  class space    used 3852K, committed 4096K, reserved 1048576K
}
Event: 6.333 GC heap before
{Heap before GC invocations=8 (full 0):
 garbage-first heap   total 159744K, used 47605K [0x0000000706600000, 0x0000000800000000)
  region size 2048K, 17 young (34816K), 2 survivors (4096K)
 Metaspace       used 35532K, committed 35968K, reserved 1114112K
  class space    used 4613K, committed 4800K, reserved 1048576K
}
Event: 6.339 GC heap after
{Heap after GC invocations=9 (full 0):
 garbage-first heap   total 159744K, used 21518K [0x0000000706600000, 0x0000000800000000)
  region size 2048K, 3 young (6144K), 3 survivors (6144K)
 Metaspace       used 35532K, committed 35968K, reserved 1114112K
  class space    used 4613K, committed 4800K, reserved 1048576K
}

